<?xml version="1.0" encoding="UTF-8"?>
<!-- Generated by org.testng.reporters.JUnitXMLReporter -->
<testsuite hostname="DESKTOP-LAQ1V6H" ignored="0" name="Test" tests="2" failures="1" timestamp="19 Jan 2019 15:38:17 GMT" time="0.071" errors="0">
  <testcase name="failConsciously" time="0.016" classname="Package1.AssertStmt">
    <failure type="java.lang.AssertionError" message="expected [true] but found [false]">
      <![CDATA[java.lang.AssertionError: expected [true] but found [false]
at Package1.AssertStmt.failConsciously(AssertStmt.java:29)
... Removed 29 stack frames]]>
    </failure>
  </testcase> <!-- failConsciously -->
  <testcase name="positiveDigit" time="0.002" classname="Package1.AssertStmt"/>
</testsuite> <!-- Test -->
